-------------------- Log Start | Fri May  3 06:01:22 2024 --------------------
platform: Linux-5.16.17-sun50iw9-aarch64-with-glibc2.31
data_path: /home/biqu/printer_data
is_default_data_path: False
config_file: /home/biqu/printer_data/config/moonraker.conf
startup_warnings: []
verbose: False
debug: False
asyncio_debug: False
is_backup_config: False
is_python_package: False
instance_uuid: 21cb7523e0cc4b8dbb17e10e766e35f4
unix_socket_path: /home/biqu/printer_data/comms/moonraker.sock
software_version: v0.8.0-325-g99b97af
git_branch: master
git_remote: origin
git_repo_url: https://github.com/Arksine/moonraker.git
modified_files: []
unofficial_components: []
log_file: /home/biqu/printer_data/logs/moonraker.log
python_version: 3.9.2 (default, Feb 28 2021, 17:03:44)  [GCC 10.2.1 20210110]
launch_args: /home/biqu/moonraker-env/bin/python /home/biqu/moonraker/moonraker/moonraker.py -d /home/biqu/printer_data
msgspec_enabled: False
uvloop_enabled: False

#################### Moonraker Configuration ####################

[server]
host = 0.0.0.0
port = 7125
klippy_uds_address = /home/biqu/printer_data/comms/klippy.sock

[file_manager]
enable_object_processing = True

[authorization]
trusted_clients = 
	10.0.0.0/8
	127.0.0.0/8
	169.254.0.0/16
	172.16.0.0/12
	192.168.0.0/16
	FE80::/10
	::1/128
cors_domains = 
	*.lan
	*.local
	*://localhost
	*://localhost:*
	*://my.mainsail.xyz
	*://app.fluidd.xyz

[octoprint_compat]

[history]

[timelapse]

[announcements]
subscriptions = 
	mainsail

[update_manager]
channel = dev
refresh_interval = 168

[update_manager mainsail-config]
type = git_repo
primary_branch = master
path = ~/mainsail-config
origin = https://github.com/mainsail-crew/mainsail-config.git
managed_services = klipper

[update_manager mainsail]
type = web
channel = stable
repo = mainsail-crew/mainsail
path = ~/mainsail

[update_manager crowsnest]
type = git_repo
path = ~/crowsnest
origin = https://github.com/mainsail-crew/crowsnest.git
managed_services = crowsnest
install_script = tools/pkglist.sh

[update_manager sonar]
type = git_repo
path = ~/sonar
origin = https://github.com/mainsail-crew/sonar.git
primary_branch = main
managed_services = sonar
install_script = tools/install.sh

[update_manager timelapse]
type = git_repo
primary_branch = main
path = ~/moonraker-timelapse
origin = https://github.com/mainsail-crew/moonraker-timelapse.git
managed_services = klipper moonraker

[update_manager print_area_bed_mesh]
type = git_repo
path = ~/print_area_bed_mesh
origin = https://github.com/Turge08/print_area_bed_mesh.git
is_system_service = False

[update_manager KlipperScreen]
type = git_repo
path = ~/KlipperScreen
origin = https://github.com/jordanruthe/KlipperScreen.git
virtualenv = ~/.KlipperScreen-env
requirements = scripts/KlipperScreen-requirements.txt
system_dependencies = scripts/system-dependencies.json
managed_services = KlipperScreen

[update_manager Klipper-Adaptive-Meshing-Purging]
type = git_repo
channel = dev
path = ~/Klipper-Adaptive-Meshing-Purging
origin = https://github.com/kyleisah/Klipper-Adaptive-Meshing-Purging.git
managed_services = klipper
primary_branch = main

[update_manager led_effect]
type = git_repo
path = ~/klipper-led_effect
origin = https://github.com/julianschill/klipper-led_effect.git
is_system_service = False

[update_manager client moonraker-telegram-bot]
type = git_repo
path = ~/moonraker-telegram-bot
origin = https://github.com/nlef/moonraker-telegram-bot.git
env = ~/moonraker-telegram-bot-env/bin/python
requirements = scripts/requirements.txt
install_script = scripts/install.sh

[power relay]
type = klipper_device
object_name = output_pin relay

#################################################################
All Configuration Files:
/home/biqu/printer_data/config/moonraker.conf
#################################################################

Database Versions: pylmdb = 1.4.1, lmdb = (0, 9, 29)
Unsafe Shutdown Count: 35

System Info:

***python***
  version: (3, 9, 2, 'final', 0)
  version_string: 3.9.2 (default, Feb 28 2021, 17:03:44)  [GCC 10.2.1 20210110]

***cpu_info***
  cpu_count: 4
  bits: 64bit
  processor: aarch64
  cpu_desc: 
  serial_number: 
  hardware_desc: 
  model: 
  total_memory: 1010636
  memory_units: kB

***sd_info***

***distribution***
  name: BTT-CB1 2.3.4 Bullseye
  id: debian
  version: 11
  version_parts: {'major': '11', 'minor': '', 'build_number': ''}
  like: 
  codename: bullseye
  release_info: {}
  kernel_version: 5.16.17-sun50iw9

***virtualization***
  virt_type: none
  virt_identifier: none

***network***

***canbus***

***Allowed Services***
  klipper_mcu
  webcamd
  MoonCord
  KlipperScreen
  moonraker-telegram-bot
  moonraker-obico
  sonar
  crowsnest
  octoeverywhere
  ratos-configurator
Module libcamera unavailble, import failed

Systemd unit moonraker.service:
unit_name: moonraker.service
is_default: True
manager: systemd
Properties:
**Requires=['system.slice', 'sysinit.target', 'network-online.target', '-.mount']
**After=['-.mount', 'network-online.target', 'system.slice', 'basic.target', 'systemd-journald.socket', 'sysinit.target']
**SupplementaryGroups=['moonraker-admin']
**EnvironmentFiles=/home/biqu/printer_data/systemd/moonraker.env
**ExecStart=/home/biqu/moonraker-env/bin/python $MOONRAKER_ARGS
**WorkingDirectory=/home/biqu/moonraker
**FragmentPath=/etc/systemd/system/moonraker.service
**Description=API Server for Klipper SV1
**User=biqu

Systemd unit klipper.service:
unit_name: klipper.service
is_default: True
manager: systemd
Properties:
**Requires=['sysinit.target', '-.mount', 'system.slice']
**After=['systemd-journald.socket', '-.mount', 'system.slice', 'basic.target', 'klipper-mcu.service', 'network-online.target', 'sysinit.target']
**SupplementaryGroups=[]
**EnvironmentFiles=/home/biqu/printer_data/systemd/klipper.env
**ExecStart=/home/biqu/klippy-env/bin/python $KLIPPER_ARGS
**WorkingDirectory=/home/biqu/klipper
**FragmentPath=/etc/systemd/system/klipper.service
**Description=Klipper 3D Printer Firmware SV1
**User=biqu
Git Repo moonraker: Warnings detected:
  Repo has untracked source files: ['moonraker/components/timelapse.py']
Git Repo klipper: Warnings detected:
  Repo is dirty.  Detected the following modifed files: ['klippy/extras/neopixel.py']
  Repo has untracked source files: ['klippy/extras/led_effect.py']
Git Repo mainsail-config: No warnings detected
Git Repo crowsnest: No warnings detected
Git Repo sonar: No warnings detected
Git Repo timelapse: No warnings detected
Git Repo print_area_bed_mesh: No warnings detected
Git Repo KlipperScreen: No warnings detected
Git Repo Klipper-Adaptive-Meshing-Purging: No warnings detected
Git Repo led_effect: No warnings detected
Git Repo moonraker-telegram-bot: No warnings detected
Klipper Version: v0.12.0-159-g2425a746-dirty
2024-05-03 00:01:22,594 [shell_command.py:_check_proc_success()] - Command (wget http://localhost/webcam/?action=snapshot -O /tmp/timelapse/frame000004.jpg) successfully finished
2024-05-03 00:03:29,097 [shell_command.py:_check_proc_success()] - Command (wget http://localhost/webcam/?action=snapshot -O /tmp/timelapse/frame000005.jpg) successfully finished
2024-05-03 00:05:36,140 [shell_command.py:_check_proc_success()] - Command (wget http://localhost/webcam/?action=snapshot -O /tmp/timelapse/frame000006.jpg) successfully finished
2024-05-03 00:06:59,754 [shell_command.py:_check_proc_success()] - Command (wget http://localhost/webcam/?action=snapshot -O /tmp/timelapse/frame000007.jpg) successfully finished
2024-05-03 00:07:26,991 [authorization.py:_check_trusted_connection()] - Trusted Connection Detected, IP: 192.168.0.103
2024-05-03 00:07:26,995 [application.py:log_request()] - 101 GET /websocket (192.168.0.103) [_TRUSTED_USER_] 6.91ms
2024-05-03 00:07:26,996 [websockets.py:open()] - Websocket Opened: ID: 281473305350400, Proxied: True, User Agent: Mozilla/5.0 (Windows NT 10.0; Win64; x64) AppleWebKit/537.36 (KHTML, like Gecko) Chrome/125.0.0.0 Safari/537.36 Edg/125.0.0.0, Host Name: 192.168.0.184
2024-05-03 00:07:27,004 [websockets.py:_handle_identify()] - Websocket 281473305350400 Client Identified - Name: mainsail, Version: 2.10.0, Type: web
2024-05-03 00:08:23,300 [shell_command.py:_check_proc_success()] - Command (wget http://localhost/webcam/?action=snapshot -O /tmp/timelapse/frame000008.jpg) successfully finished
2024-05-03 00:09:49,261 [shell_command.py:_check_proc_success()] - Command (wget http://localhost/webcam/?action=snapshot -O /tmp/timelapse/frame000009.jpg) successfully finished
2024-05-03 00:11:17,447 [shell_command.py:_check_proc_success()] - Command (wget http://localhost/webcam/?action=snapshot -O /tmp/timelapse/frame000010.jpg) successfully finished
2024-05-03 00:12:44,558 [shell_command.py:_check_proc_success()] - Command (wget http://localhost/webcam/?action=snapshot -O /tmp/timelapse/frame000011.jpg) successfully finished
2024-05-03 00:14:10,189 [shell_command.py:_check_proc_success()] - Command (wget http://localhost/webcam/?action=snapshot -O /tmp/timelapse/frame000012.jpg) successfully finished
2024-05-03 00:14:47,021 [websockets.py:write_to_socket()] - Websocket closed while writing: 281473305350400
2024-05-03 00:14:52,000 [websockets.py:on_close()] - Websocket Closed: ID: 281473305350400 Close Code: None, Close Reason: None, Pong Time Elapsed: 45.00
2024-05-03 00:14:59,421 [announcements.py:_fetch_moonlight()] - Failed to update subscription 'moonraker': [Errno 111] Connection refused
2024-05-03 00:15:01,502 [announcements.py:_fetch_moonlight()] - Failed to update subscription 'klipper': [Errno 111] Connection refused
2024-05-03 00:15:03,582 [announcements.py:_fetch_moonlight()] - Failed to update subscription 'mainsail': [Errno 111] Connection refused
2024-05-03 00:15:05,648 [announcements.py:_fetch_moonlight()] - Failed to update subscription 'moonraker-telegram-bot': [Errno 111] Connection refused
2024-05-03 00:15:35,182 [shell_command.py:_check_proc_success()] - Command (wget http://localhost/webcam/?action=snapshot -O /tmp/timelapse/frame000013.jpg) successfully finished
2024-05-03 00:17:03,007 [shell_command.py:_check_proc_success()] - Command (wget http://localhost/webcam/?action=snapshot -O /tmp/timelapse/frame000014.jpg) successfully finished
2024-05-03 00:18:31,763 [shell_command.py:_check_proc_success()] - Command (wget http://localhost/webcam/?action=snapshot -O /tmp/timelapse/frame000015.jpg) successfully finished
2024-05-03 00:19:59,175 [shell_command.py:_check_proc_success()] - Command (wget http://localhost/webcam/?action=snapshot -O /tmp/timelapse/frame000016.jpg) successfully finished
2024-05-03 00:21:22,081 [shell_command.py:_check_proc_success()] - Command (wget http://localhost/webcam/?action=snapshot -O /tmp/timelapse/frame000017.jpg) successfully finished
2024-05-03 00:22:44,288 [shell_command.py:_check_proc_success()] - Command (wget http://localhost/webcam/?action=snapshot -O /tmp/timelapse/frame000018.jpg) successfully finished
2024-05-03 00:23:37,431 [application.py:log_request()] - 101 GET /websocket (192.168.0.103) [_TRUSTED_USER_] 4.51ms
2024-05-03 00:23:37,432 [websockets.py:open()] - Websocket Opened: ID: 281473305050800, Proxied: True, User Agent: Mozilla/5.0 (Windows NT 10.0; Win64; x64) AppleWebKit/537.36 (KHTML, like Gecko) Chrome/125.0.0.0 Safari/537.36 Edg/125.0.0.0, Host Name: 192.168.0.184
2024-05-03 00:23:37,440 [websockets.py:_handle_identify()] - Websocket 281473305050800 Client Identified - Name: mainsail, Version: 2.10.0, Type: web
2024-05-03 00:24:06,940 [shell_command.py:_check_proc_success()] - Command (wget http://localhost/webcam/?action=snapshot -O /tmp/timelapse/frame000019.jpg) successfully finished
2024-05-03 00:25:28,962 [shell_command.py:_check_proc_success()] - Command (wget http://localhost/webcam/?action=snapshot -O /tmp/timelapse/frame000020.jpg) successfully finished
2024-05-03 00:26:54,239 [shell_command.py:_check_proc_success()] - Command (wget http://localhost/webcam/?action=snapshot -O /tmp/timelapse/frame000021.jpg) successfully finished
2024-05-03 00:28:21,578 [shell_command.py:_check_proc_success()] - Command (wget http://localhost/webcam/?action=snapshot -O /tmp/timelapse/frame000022.jpg) successfully finished
2024-05-03 00:29:27,613 [websockets.py:on_close()] - Websocket Closed: ID: 281473305050800 Close Code: 1001, Close Reason: None, Pong Time Elapsed: 0.18
2024-05-03 00:29:27,948 [application.py:log_request()] - 101 GET /websocket (192.168.0.103) [_TRUSTED_USER_] 4.44ms
2024-05-03 00:29:27,949 [websockets.py:open()] - Websocket Opened: ID: 281473304888752, Proxied: True, User Agent: Mozilla/5.0 (Windows NT 10.0; Win64; x64) AppleWebKit/537.36 (KHTML, like Gecko) Chrome/125.0.0.0 Safari/537.36 Edg/125.0.0.0, Host Name: 192.168.0.184
2024-05-03 00:29:27,961 [websockets.py:_handle_identify()] - Websocket 281473304888752 Client Identified - Name: mainsail, Version: 2.10.0, Type: web
2024-05-03 00:30:28,419 [shell_command.py:_check_proc_success()] - Command (wget http://localhost/webcam/?action=snapshot -O /tmp/timelapse/frame000023.jpg) successfully finished
2024-05-03 00:32:36,023 [shell_command.py:_check_proc_success()] - Command (wget http://localhost/webcam/?action=snapshot -O /tmp/timelapse/frame000024.jpg) successfully finished
2024-05-03 00:34:41,932 [shell_command.py:_check_proc_success()] - Command (wget http://localhost/webcam/?action=snapshot -O /tmp/timelapse/frame000025.jpg) successfully finished
2024-05-03 00:35:48,133 [websockets.py:write_to_socket()] - Websocket closed while writing: 281473304888752
2024-05-03 00:35:52,954 [websockets.py:on_close()] - Websocket Closed: ID: 281473304888752 Close Code: None, Close Reason: None, Pong Time Elapsed: 45.00
2024-05-03 00:36:50,591 [shell_command.py:_check_proc_success()] - Command (wget http://localhost/webcam/?action=snapshot -O /tmp/timelapse/frame000026.jpg) successfully finished
2024-05-03 00:38:54,312 [shell_command.py:_check_proc_success()] - Command (wget http://localhost/webcam/?action=snapshot -O /tmp/timelapse/frame000027.jpg) successfully finished
2024-05-03 00:39:18,183 [shell_command.py:_check_proc_success()] - Command (wget http://localhost/webcam/?action=snapshot -O /tmp/timelapse/frame000028.jpg) successfully finished
2024-05-03 00:39:40,861 [shell_command.py:_check_proc_success()] - Command (wget http://localhost/webcam/?action=snapshot -O /tmp/timelapse/frame000029.jpg) successfully finished
2024-05-03 00:40:02,490 [shell_command.py:_check_proc_success()] - Command (wget http://localhost/webcam/?action=snapshot -O /tmp/timelapse/frame000030.jpg) successfully finished
2024-05-03 00:40:26,733 [shell_command.py:_check_proc_success()] - Command (wget http://localhost/webcam/?action=snapshot -O /tmp/timelapse/frame000031.jpg) successfully finished
2024-05-03 00:40:50,727 [shell_command.py:_check_proc_success()] - Command (wget http://localhost/webcam/?action=snapshot -O /tmp/timelapse/frame000032.jpg) successfully finished
2024-05-03 00:41:14,529 [shell_command.py:_check_proc_success()] - Command (wget http://localhost/webcam/?action=snapshot -O /tmp/timelapse/frame000033.jpg) successfully finished
2024-05-03 00:41:36,892 [shell_command.py:_check_proc_success()] - Command (wget http://localhost/webcam/?action=snapshot -O /tmp/timelapse/frame000034.jpg) successfully finished
2024-05-03 00:41:58,536 [shell_command.py:_check_proc_success()] - Command (wget http://localhost/webcam/?action=snapshot -O /tmp/timelapse/frame000035.jpg) successfully finished
2024-05-03 00:42:21,061 [application.py:log_request()] - 101 GET /websocket (192.168.0.103) [_TRUSTED_USER_] 4.29ms
2024-05-03 00:42:21,061 [websockets.py:open()] - Websocket Opened: ID: 281473304889520, Proxied: True, User Agent: Mozilla/5.0 (Windows NT 10.0; Win64; x64) AppleWebKit/537.36 (KHTML, like Gecko) Chrome/125.0.0.0 Safari/537.36 Edg/125.0.0.0, Host Name: 192.168.0.184
2024-05-03 00:42:21,069 [websockets.py:_handle_identify()] - Websocket 281473304889520 Client Identified - Name: mainsail, Version: 2.10.0, Type: web
2024-05-03 00:42:40,656 [shell_command.py:_check_proc_success()] - Command (wget http://localhost/webcam/?action=snapshot -O /tmp/timelapse/frame000036.jpg) successfully finished
2024-05-03 00:43:00,377 [shell_command.py:_check_proc_success()] - Command (wget http://localhost/webcam/?action=snapshot -O /tmp/timelapse/frame000037.jpg) successfully finished
2024-05-03 00:43:20,487 [shell_command.py:_check_proc_success()] - Command (wget http://localhost/webcam/?action=snapshot -O /tmp/timelapse/frame000038.jpg) successfully finished
2024-05-03 00:43:39,122 [shell_command.py:_check_proc_success()] - Command (wget http://localhost/webcam/?action=snapshot -O /tmp/timelapse/frame000039.jpg) successfully finished
2024-05-03 00:43:58,905 [shell_command.py:_check_proc_success()] - Command (wget http://localhost/webcam/?action=snapshot -O /tmp/timelapse/frame000040.jpg) successfully finished
2024-05-03 00:44:12,975 [shell_command.py:_check_proc_success()] - Command (wget http://localhost/webcam/?action=snapshot -O /tmp/timelapse/frame000041.jpg) successfully finished
2024-05-03 00:44:26,475 [shell_command.py:_check_proc_success()] - Command (wget http://localhost/webcam/?action=snapshot -O /tmp/timelapse/frame000042.jpg) successfully finished
2024-05-03 00:44:39,865 [shell_command.py:_check_proc_success()] - Command (wget http://localhost/webcam/?action=snapshot -O /tmp/timelapse/frame000043.jpg) successfully finished
2024-05-03 00:44:53,611 [shell_command.py:_check_proc_success()] - Command (wget http://localhost/webcam/?action=snapshot -O /tmp/timelapse/frame000044.jpg) successfully finished
2024-05-03 00:45:05,469 [shell_command.py:_check_proc_success()] - Command (wget http://localhost/webcam/?action=snapshot -O /tmp/timelapse/frame000045.jpg) successfully finished
2024-05-03 00:45:13,334 [shell_command.py:_check_proc_success()] - Command (wget http://localhost/webcam/?action=snapshot -O /tmp/timelapse/frame000046.jpg) successfully finished
2024-05-03 00:45:20,460 [shell_command.py:_check_proc_success()] - Command (wget http://localhost/webcam/?action=snapshot -O /tmp/timelapse/frame000047.jpg) successfully finished
2024-05-03 00:45:27,009 [shell_command.py:_check_proc_success()] - Command (wget http://localhost/webcam/?action=snapshot -O /tmp/timelapse/frame000048.jpg) successfully finished
2024-05-03 00:45:33,556 [shell_command.py:_check_proc_success()] - Command (wget http://localhost/webcam/?action=snapshot -O /tmp/timelapse/frame000049.jpg) successfully finished
2024-05-03 00:45:40,114 [shell_command.py:_check_proc_success()] - Command (wget http://localhost/webcam/?action=snapshot -O /tmp/timelapse/frame000050.jpg) successfully finished
2024-05-03 00:45:46,680 [shell_command.py:_check_proc_success()] - Command (wget http://localhost/webcam/?action=snapshot -O /tmp/timelapse/frame000051.jpg) successfully finished
2024-05-03 00:45:53,206 [shell_command.py:_check_proc_success()] - Command (wget http://localhost/webcam/?action=snapshot -O /tmp/timelapse/frame000052.jpg) successfully finished
2024-05-03 00:45:59,751 [shell_command.py:_check_proc_success()] - Command (wget http://localhost/webcam/?action=snapshot -O /tmp/timelapse/frame000053.jpg) successfully finished
2024-05-03 00:46:06,305 [shell_command.py:_check_proc_success()] - Command (wget http://localhost/webcam/?action=snapshot -O /tmp/timelapse/frame000054.jpg) successfully finished
2024-05-03 00:46:12,845 [shell_command.py:_check_proc_success()] - Command (wget http://localhost/webcam/?action=snapshot -O /tmp/timelapse/frame000055.jpg) successfully finished
2024-05-03 00:46:19,393 [shell_command.py:_check_proc_success()] - Command (wget http://localhost/webcam/?action=snapshot -O /tmp/timelapse/frame000056.jpg) successfully finished
2024-05-03 00:46:25,942 [shell_command.py:_check_proc_success()] - Command (wget http://localhost/webcam/?action=snapshot -O /tmp/timelapse/frame000057.jpg) successfully finished
2024-05-03 00:46:32,493 [shell_command.py:_check_proc_success()] - Command (wget http://localhost/webcam/?action=snapshot -O /tmp/timelapse/frame000058.jpg) successfully finished
2024-05-03 00:46:39,037 [shell_command.py:_check_proc_success()] - Command (wget http://localhost/webcam/?action=snapshot -O /tmp/timelapse/frame000059.jpg) successfully finished
2024-05-03 00:46:45,593 [shell_command.py:_check_proc_success()] - Command (wget http://localhost/webcam/?action=snapshot -O /tmp/timelapse/frame000060.jpg) successfully finished
2024-05-03 00:46:52,137 [shell_command.py:_check_proc_success()] - Command (wget http://localhost/webcam/?action=snapshot -O /tmp/timelapse/frame000061.jpg) successfully finished
2024-05-03 00:46:58,684 [shell_command.py:_check_proc_success()] - Command (wget http://localhost/webcam/?action=snapshot -O /tmp/timelapse/frame000062.jpg) successfully finished
2024-05-03 00:47:05,244 [shell_command.py:_check_proc_success()] - Command (wget http://localhost/webcam/?action=snapshot -O /tmp/timelapse/frame000063.jpg) successfully finished
2024-05-03 00:47:11,781 [shell_command.py:_check_proc_success()] - Command (wget http://localhost/webcam/?action=snapshot -O /tmp/timelapse/frame000064.jpg) successfully finished
2024-05-03 00:47:18,335 [shell_command.py:_check_proc_success()] - Command (wget http://localhost/webcam/?action=snapshot -O /tmp/timelapse/frame000065.jpg) successfully finished
2024-05-03 00:47:24,874 [shell_command.py:_check_proc_success()] - Command (wget http://localhost/webcam/?action=snapshot -O /tmp/timelapse/frame000066.jpg) successfully finished
2024-05-03 00:47:31,423 [shell_command.py:_check_proc_success()] - Command (wget http://localhost/webcam/?action=snapshot -O /tmp/timelapse/frame000067.jpg) successfully finished
2024-05-03 00:47:37,985 [shell_command.py:_check_proc_success()] - Command (wget http://localhost/webcam/?action=snapshot -O /tmp/timelapse/frame000068.jpg) successfully finished
2024-05-03 00:47:44,547 [shell_command.py:_check_proc_success()] - Command (wget http://localhost/webcam/?action=snapshot -O /tmp/timelapse/frame000069.jpg) successfully finished
2024-05-03 00:47:51,072 [shell_command.py:_check_proc_success()] - Command (wget http://localhost/webcam/?action=snapshot -O /tmp/timelapse/frame000070.jpg) successfully finished
2024-05-03 00:47:57,620 [shell_command.py:_check_proc_success()] - Command (wget http://localhost/webcam/?action=snapshot -O /tmp/timelapse/frame000071.jpg) successfully finished
2024-05-03 00:48:04,167 [shell_command.py:_check_proc_success()] - Command (wget http://localhost/webcam/?action=snapshot -O /tmp/timelapse/frame000072.jpg) successfully finished
2024-05-03 00:48:10,721 [shell_command.py:_check_proc_success()] - Command (wget http://localhost/webcam/?action=snapshot -O /tmp/timelapse/frame000073.jpg) successfully finished
2024-05-03 00:48:17,262 [shell_command.py:_check_proc_success()] - Command (wget http://localhost/webcam/?action=snapshot -O /tmp/timelapse/frame000074.jpg) successfully finished
2024-05-03 00:48:23,805 [shell_command.py:_check_proc_success()] - Command (wget http://localhost/webcam/?action=snapshot -O /tmp/timelapse/frame000075.jpg) successfully finished
2024-05-03 00:48:30,365 [shell_command.py:_check_proc_success()] - Command (wget http://localhost/webcam/?action=snapshot -O /tmp/timelapse/frame000076.jpg) successfully finished
2024-05-03 00:48:36,900 [shell_command.py:_check_proc_success()] - Command (wget http://localhost/webcam/?action=snapshot -O /tmp/timelapse/frame000077.jpg) successfully finished
2024-05-03 00:48:43,456 [shell_command.py:_check_proc_success()] - Command (wget http://localhost/webcam/?action=snapshot -O /tmp/timelapse/frame000078.jpg) successfully finished
2024-05-03 00:48:50,001 [shell_command.py:_check_proc_success()] - Command (wget http://localhost/webcam/?action=snapshot -O /tmp/timelapse/frame000079.jpg) successfully finished
2024-05-03 00:48:56,550 [shell_command.py:_check_proc_success()] - Command (wget http://localhost/webcam/?action=snapshot -O /tmp/timelapse/frame000080.jpg) successfully finished
2024-05-03 00:49:03,087 [shell_command.py:_check_proc_success()] - Command (wget http://localhost/webcam/?action=snapshot -O /tmp/timelapse/frame000081.jpg) successfully finished
2024-05-03 00:49:09,651 [shell_command.py:_check_proc_success()] - Command (wget http://localhost/webcam/?action=snapshot -O /tmp/timelapse/frame000082.jpg) successfully finished
2024-05-03 00:49:16,181 [shell_command.py:_check_proc_success()] - Command (wget http://localhost/webcam/?action=snapshot -O /tmp/timelapse/frame000083.jpg) successfully finished
2024-05-03 00:49:22,726 [shell_command.py:_check_proc_success()] - Command (wget http://localhost/webcam/?action=snapshot -O /tmp/timelapse/frame000084.jpg) successfully finished
2024-05-03 00:49:32,797 [shell_command.py:_check_proc_success()] - Command (wget http://localhost/webcam/?action=snapshot -O /tmp/timelapse/frame000085.jpg) successfully finished
2024-05-03 00:49:43,413 [shell_command.py:_check_proc_success()] - Command (wget http://localhost/webcam/?action=snapshot -O /tmp/timelapse/frame000086.jpg) successfully finished
2024-05-03 00:49:51,187 [websockets.py:write_to_socket()] - Websocket closed while writing: 281473304889520
2024-05-03 00:49:53,500 [shell_command.py:_check_proc_success()] - Command (wget http://localhost/webcam/?action=snapshot -O /tmp/timelapse/frame000087.jpg) successfully finished
2024-05-03 00:49:56,066 [websockets.py:on_close()] - Websocket Closed: ID: 281473304889520 Close Code: None, Close Reason: None, Pong Time Elapsed: 45.00
2024-05-03 00:50:03,640 [shell_command.py:_check_proc_success()] - Command (wget http://localhost/webcam/?action=snapshot -O /tmp/timelapse/frame000088.jpg) successfully finished
2024-05-03 00:50:13,722 [shell_command.py:_check_proc_success()] - Command (wget http://localhost/webcam/?action=snapshot -O /tmp/timelapse/frame000089.jpg) successfully finished
2024-05-03 00:50:22,713 [shell_command.py:_check_proc_success()] - Command (wget http://localhost/webcam/?action=snapshot -O /tmp/timelapse/frame000090.jpg) successfully finished
2024-05-03 00:50:31,140 [shell_command.py:_check_proc_success()] - Command (wget http://localhost/webcam/?action=snapshot -O /tmp/timelapse/frame000091.jpg) successfully finished
2024-05-03 00:50:39,539 [shell_command.py:_check_proc_success()] - Command (wget http://localhost/webcam/?action=snapshot -O /tmp/timelapse/frame000092.jpg) successfully finished
2024-05-03 00:50:48,024 [shell_command.py:_check_proc_success()] - Command (wget http://localhost/webcam/?action=snapshot -O /tmp/timelapse/frame000093.jpg) successfully finished
2024-05-03 00:50:56,616 [shell_command.py:_check_proc_success()] - Command (wget http://localhost/webcam/?action=snapshot -O /tmp/timelapse/frame000094.jpg) successfully finished
2024-05-03 00:51:04,687 [shell_command.py:_check_proc_success()] - Command (wget http://localhost/webcam/?action=snapshot -O /tmp/timelapse/frame000095.jpg) successfully finished
2024-05-03 00:51:12,181 [shell_command.py:_check_proc_success()] - Command (wget http://localhost/webcam/?action=snapshot -O /tmp/timelapse/frame000096.jpg) successfully finished
2024-05-03 00:51:19,691 [shell_command.py:_check_proc_success()] - Command (wget http://localhost/webcam/?action=snapshot -O /tmp/timelapse/frame000097.jpg) successfully finished
2024-05-03 00:51:27,183 [shell_command.py:_check_proc_success()] - Command (wget http://localhost/webcam/?action=snapshot -O /tmp/timelapse/frame000098.jpg) successfully finished
2024-05-03 00:51:35,781 [shell_command.py:_check_proc_success()] - Command (wget http://localhost/webcam/?action=snapshot -O /tmp/timelapse/frame000099.jpg) successfully finished
2024-05-03 00:51:44,941 [shell_command.py:_check_proc_success()] - Command (wget http://localhost/webcam/?action=snapshot -O /tmp/timelapse/frame000100.jpg) successfully finished
2024-05-03 00:51:54,013 [shell_command.py:_check_proc_success()] - Command (wget http://localhost/webcam/?action=snapshot -O /tmp/timelapse/frame000101.jpg) successfully finished
2024-05-03 00:52:03,061 [shell_command.py:_check_proc_success()] - Command (wget http://localhost/webcam/?action=snapshot -O /tmp/timelapse/frame000102.jpg) successfully finished
2024-05-03 00:52:12,057 [shell_command.py:_check_proc_success()] - Command (wget http://localhost/webcam/?action=snapshot -O /tmp/timelapse/frame000103.jpg) successfully finished
2024-05-03 00:52:20,474 [shell_command.py:_check_proc_success()] - Command (wget http://localhost/webcam/?action=snapshot -O /tmp/timelapse/frame000104.jpg) successfully finished
2024-05-03 00:52:28,923 [shell_command.py:_check_proc_success()] - Command (wget http://localhost/webcam/?action=snapshot -O /tmp/timelapse/frame000105.jpg) successfully finished
2024-05-03 00:52:37,084 [shell_command.py:_check_proc_success()] - Command (wget http://localhost/webcam/?action=snapshot -O /tmp/timelapse/frame000106.jpg) successfully finished
2024-05-03 00:52:44,706 [shell_command.py:_check_proc_success()] - Command (wget http://localhost/webcam/?action=snapshot -O /tmp/timelapse/frame000107.jpg) successfully finished
2024-05-03 00:52:52,743 [shell_command.py:_check_proc_success()] - Command (wget http://localhost/webcam/?action=snapshot -O /tmp/timelapse/frame000108.jpg) successfully finished
2024-05-03 00:53:00,260 [shell_command.py:_check_proc_success()] - Command (wget http://localhost/webcam/?action=snapshot -O /tmp/timelapse/frame000109.jpg) successfully finished
2024-05-03 00:53:07,756 [shell_command.py:_check_proc_success()] - Command (wget http://localhost/webcam/?action=snapshot -O /tmp/timelapse/frame000110.jpg) successfully finished
2024-05-03 00:53:15,870 [shell_command.py:_check_proc_success()] - Command (wget http://localhost/webcam/?action=snapshot -O /tmp/timelapse/frame000111.jpg) successfully finished
2024-05-03 00:53:24,147 [shell_command.py:_check_proc_success()] - Command (wget http://localhost/webcam/?action=snapshot -O /tmp/timelapse/frame000112.jpg) successfully finished
2024-05-03 00:53:33,199 [shell_command.py:_check_proc_success()] - Command (wget http://localhost/webcam/?action=snapshot -O /tmp/timelapse/frame000113.jpg) successfully finished
2024-05-03 00:53:42,194 [shell_command.py:_check_proc_success()] - Command (wget http://localhost/webcam/?action=snapshot -O /tmp/timelapse/frame000114.jpg) successfully finished
2024-05-03 00:53:50,147 [shell_command.py:_check_proc_success()] - Command (wget http://localhost/webcam/?action=snapshot -O /tmp/timelapse/frame000115.jpg) successfully finished
2024-05-03 00:53:58,552 [shell_command.py:_check_proc_success()] - Command (wget http://localhost/webcam/?action=snapshot -O /tmp/timelapse/frame000116.jpg) successfully finished
2024-05-03 00:54:07,030 [shell_command.py:_check_proc_success()] - Command (wget http://localhost/webcam/?action=snapshot -O /tmp/timelapse/frame000117.jpg) successfully finished
2024-05-03 00:54:15,617 [shell_command.py:_check_proc_success()] - Command (wget http://localhost/webcam/?action=snapshot -O /tmp/timelapse/frame000118.jpg) successfully finished
2024-05-03 00:54:23,247 [shell_command.py:_check_proc_success()] - Command (wget http://localhost/webcam/?action=snapshot -O /tmp/timelapse/frame000119.jpg) successfully finished
2024-05-03 00:54:30,729 [shell_command.py:_check_proc_success()] - Command (wget http://localhost/webcam/?action=snapshot -O /tmp/timelapse/frame000120.jpg) successfully finished
2024-05-03 00:54:38,271 [shell_command.py:_check_proc_success()] - Command (wget http://localhost/webcam/?action=snapshot -O /tmp/timelapse/frame000121.jpg) successfully finished
2024-05-03 00:54:45,723 [shell_command.py:_check_proc_success()] - Command (wget http://localhost/webcam/?action=snapshot -O /tmp/timelapse/frame000122.jpg) successfully finished
2024-05-03 00:54:53,716 [shell_command.py:_check_proc_success()] - Command (wget http://localhost/webcam/?action=snapshot -O /tmp/timelapse/frame000123.jpg) successfully finished
2024-05-03 00:55:02,408 [shell_command.py:_check_proc_success()] - Command (wget http://localhost/webcam/?action=snapshot -O /tmp/timelapse/frame000124.jpg) successfully finished
2024-05-03 00:55:11,487 [shell_command.py:_check_proc_success()] - Command (wget http://localhost/webcam/?action=snapshot -O /tmp/timelapse/frame000125.jpg) successfully finished
2024-05-03 00:55:20,481 [shell_command.py:_check_proc_success()] - Command (wget http://localhost/webcam/?action=snapshot -O /tmp/timelapse/frame000126.jpg) successfully finished
2024-05-03 00:55:29,460 [shell_command.py:_check_proc_success()] - Command (wget http://localhost/webcam/?action=snapshot -O /tmp/timelapse/frame000127.jpg) successfully finished
2024-05-03 00:55:37,936 [shell_command.py:_check_proc_success()] - Command (wget http://localhost/webcam/?action=snapshot -O /tmp/timelapse/frame000128.jpg) successfully finished
2024-05-03 00:55:46,331 [shell_command.py:_check_proc_success()] - Command (wget http://localhost/webcam/?action=snapshot -O /tmp/timelapse/frame000129.jpg) successfully finished
2024-05-03 00:55:54,518 [shell_command.py:_check_proc_success()] - Command (wget http://localhost/webcam/?action=snapshot -O /tmp/timelapse/frame000130.jpg) successfully finished
2024-05-03 00:56:02,583 [shell_command.py:_check_proc_success()] - Command (wget http://localhost/webcam/?action=snapshot -O /tmp/timelapse/frame000131.jpg) successfully finished
2024-05-03 00:56:10,624 [shell_command.py:_check_proc_success()] - Command (wget http://localhost/webcam/?action=snapshot -O /tmp/timelapse/frame000132.jpg) successfully finished
2024-05-03 00:56:18,122 [shell_command.py:_check_proc_success()] - Command (wget http://localhost/webcam/?action=snapshot -O /tmp/timelapse/frame000133.jpg) successfully finished
2024-05-03 00:56:25,625 [shell_command.py:_check_proc_success()] - Command (wget http://localhost/webcam/?action=snapshot -O /tmp/timelapse/frame000134.jpg) successfully finished
2024-05-03 00:56:33,720 [shell_command.py:_check_proc_success()] - Command (wget http://localhost/webcam/?action=snapshot -O /tmp/timelapse/frame000135.jpg) successfully finished
2024-05-03 00:56:42,005 [shell_command.py:_check_proc_success()] - Command (wget http://localhost/webcam/?action=snapshot -O /tmp/timelapse/frame000136.jpg) successfully finished
2024-05-03 00:56:51,065 [shell_command.py:_check_proc_success()] - Command (wget http://localhost/webcam/?action=snapshot -O /tmp/timelapse/frame000137.jpg) successfully finished
2024-05-03 00:56:59,603 [shell_command.py:_check_proc_success()] - Command (wget http://localhost/webcam/?action=snapshot -O /tmp/timelapse/frame000138.jpg) successfully finished
2024-05-03 00:57:07,564 [shell_command.py:_check_proc_success()] - Command (wget http://localhost/webcam/?action=snapshot -O /tmp/timelapse/frame000139.jpg) successfully finished
2024-05-03 00:57:16,009 [shell_command.py:_check_proc_success()] - Command (wget http://localhost/webcam/?action=snapshot -O /tmp/timelapse/frame000140.jpg) successfully finished
2024-05-03 00:57:24,452 [shell_command.py:_check_proc_success()] - Command (wget http://localhost/webcam/?action=snapshot -O /tmp/timelapse/frame000141.jpg) successfully finished
2024-05-03 00:57:33,079 [shell_command.py:_check_proc_success()] - Command (wget http://localhost/webcam/?action=snapshot -O /tmp/timelapse/frame000142.jpg) successfully finished
2024-05-03 00:57:41,614 [shell_command.py:_check_proc_success()] - Command (wget http://localhost/webcam/?action=snapshot -O /tmp/timelapse/frame000143.jpg) successfully finished
2024-05-03 00:57:49,592 [shell_command.py:_check_proc_success()] - Command (wget http://localhost/webcam/?action=snapshot -O /tmp/timelapse/frame000144.jpg) successfully finished
2024-05-03 00:57:57,545 [shell_command.py:_check_proc_success()] - Command (wget http://localhost/webcam/?action=snapshot -O /tmp/timelapse/frame000145.jpg) successfully finished
2024-05-03 00:58:05,514 [shell_command.py:_check_proc_success()] - Command (wget http://localhost/webcam/?action=snapshot -O /tmp/timelapse/frame000146.jpg) successfully finished
2024-05-03 00:58:13,477 [shell_command.py:_check_proc_success()] - Command (wget http://localhost/webcam/?action=snapshot -O /tmp/timelapse/frame000147.jpg) successfully finished
2024-05-03 00:58:22,180 [shell_command.py:_check_proc_success()] - Command (wget http://localhost/webcam/?action=snapshot -O /tmp/timelapse/frame000148.jpg) successfully finished
2024-05-03 00:58:31,249 [shell_command.py:_check_proc_success()] - Command (wget http://localhost/webcam/?action=snapshot -O /tmp/timelapse/frame000149.jpg) successfully finished
2024-05-03 00:58:40,265 [shell_command.py:_check_proc_success()] - Command (wget http://localhost/webcam/?action=snapshot -O /tmp/timelapse/frame000150.jpg) successfully finished
2024-05-03 00:58:49,203 [shell_command.py:_check_proc_success()] - Command (wget http://localhost/webcam/?action=snapshot -O /tmp/timelapse/frame000151.jpg) successfully finished
2024-05-03 00:58:57,635 [shell_command.py:_check_proc_success()] - Command (wget http://localhost/webcam/?action=snapshot -O /tmp/timelapse/frame000152.jpg) successfully finished
2024-05-03 00:59:06,072 [shell_command.py:_check_proc_success()] - Command (wget http://localhost/webcam/?action=snapshot -O /tmp/timelapse/frame000153.jpg) successfully finished
2024-05-03 00:59:14,233 [shell_command.py:_check_proc_success()] - Command (wget http://localhost/webcam/?action=snapshot -O /tmp/timelapse/frame000154.jpg) successfully finished
2024-05-03 00:59:22,318 [shell_command.py:_check_proc_success()] - Command (wget http://localhost/webcam/?action=snapshot -O /tmp/timelapse/frame000155.jpg) successfully finished
2024-05-03 00:59:30,357 [shell_command.py:_check_proc_success()] - Command (wget http://localhost/webcam/?action=snapshot -O /tmp/timelapse/frame000156.jpg) successfully finished
2024-05-03 00:59:37,872 [shell_command.py:_check_proc_success()] - Command (wget http://localhost/webcam/?action=snapshot -O /tmp/timelapse/frame000157.jpg) successfully finished
2024-05-03 00:59:45,339 [shell_command.py:_check_proc_success()] - Command (wget http://localhost/webcam/?action=snapshot -O /tmp/timelapse/frame000158.jpg) successfully finished
2024-05-03 00:59:53,397 [shell_command.py:_check_proc_success()] - Command (wget http://localhost/webcam/?action=snapshot -O /tmp/timelapse/frame000159.jpg) successfully finished
2024-05-03 01:00:02,126 [shell_command.py:_check_proc_success()] - Command (wget http://localhost/webcam/?action=snapshot -O /tmp/timelapse/frame000160.jpg) successfully finished
2024-05-03 01:00:11,199 [shell_command.py:_check_proc_success()] - Command (wget http://localhost/webcam/?action=snapshot -O /tmp/timelapse/frame000161.jpg) successfully finished
2024-05-03 01:00:19,771 [shell_command.py:_check_proc_success()] - Command (wget http://localhost/webcam/?action=snapshot -O /tmp/timelapse/frame000162.jpg) successfully finished
2024-05-03 01:00:28,185 [shell_command.py:_check_proc_success()] - Command (wget http://localhost/webcam/?action=snapshot -O /tmp/timelapse/frame000163.jpg) successfully finished
2024-05-03 01:00:36,585 [shell_command.py:_check_proc_success()] - Command (wget http://localhost/webcam/?action=snapshot -O /tmp/timelapse/frame000164.jpg) successfully finished
2024-05-03 01:00:45,039 [shell_command.py:_check_proc_success()] - Command (wget http://localhost/webcam/?action=snapshot -O /tmp/timelapse/frame000165.jpg) successfully finished
2024-05-03 01:00:53,163 [shell_command.py:_check_proc_success()] - Command (wget http://localhost/webcam/?action=snapshot -O /tmp/timelapse/frame000166.jpg) successfully finished
2024-05-03 01:01:01,277 [shell_command.py:_check_proc_success()] - Command (wget http://localhost/webcam/?action=snapshot -O /tmp/timelapse/frame000167.jpg) successfully finished
2024-05-03 01:01:09,223 [shell_command.py:_check_proc_success()] - Command (wget http://localhost/webcam/?action=snapshot -O /tmp/timelapse/frame000168.jpg) successfully finished
2024-05-03 01:01:17,167 [shell_command.py:_check_proc_success()] - Command (wget http://localhost/webcam/?action=snapshot -O /tmp/timelapse/frame000169.jpg) successfully finished
2024-05-03 01:01:25,142 [shell_command.py:_check_proc_success()] - Command (wget http://localhost/webcam/?action=snapshot -O /tmp/timelapse/frame000170.jpg) successfully finished
2024-05-03 01:01:32,667 [shell_command.py:_check_proc_success()] - Command (wget http://localhost/webcam/?action=snapshot -O /tmp/timelapse/frame000171.jpg) successfully finished
2024-05-03 01:01:40,501 [shell_command.py:_check_proc_success()] - Command (wget http://localhost/webcam/?action=snapshot -O /tmp/timelapse/frame000172.jpg) successfully finished
2024-05-03 01:01:49,561 [shell_command.py:_check_proc_success()] - Command (wget http://localhost/webcam/?action=snapshot -O /tmp/timelapse/frame000173.jpg) successfully finished
2024-05-03 01:01:58,081 [shell_command.py:_check_proc_success()] - Command (wget http://localhost/webcam/?action=snapshot -O /tmp/timelapse/frame000174.jpg) successfully finished
2024-05-03 01:02:06,594 [shell_command.py:_check_proc_success()] - Command (wget http://localhost/webcam/?action=snapshot -O /tmp/timelapse/frame000175.jpg) successfully finished
2024-05-03 01:02:14,990 [shell_command.py:_check_proc_success()] - Command (wget http://localhost/webcam/?action=snapshot -O /tmp/timelapse/frame000176.jpg) successfully finished
2024-05-03 01:02:23,435 [shell_command.py:_check_proc_success()] - Command (wget http://localhost/webcam/?action=snapshot -O /tmp/timelapse/frame000177.jpg) successfully finished
2024-05-03 01:02:32,000 [shell_command.py:_check_proc_success()] - Command (wget http://localhost/webcam/?action=snapshot -O /tmp/timelapse/frame000178.jpg) successfully finished
2024-05-03 01:02:40,074 [shell_command.py:_check_proc_success()] - Command (wget http://localhost/webcam/?action=snapshot -O /tmp/timelapse/frame000179.jpg) successfully finished
2024-05-03 01:02:48,547 [shell_command.py:_check_proc_success()] - Command (wget http://localhost/webcam/?action=snapshot -O /tmp/timelapse/frame000180.jpg) successfully finished
2024-05-03 01:02:56,482 [shell_command.py:_check_proc_success()] - Command (wget http://localhost/webcam/?action=snapshot -O /tmp/timelapse/frame000181.jpg) successfully finished
2024-05-03 01:03:04,439 [shell_command.py:_check_proc_success()] - Command (wget http://localhost/webcam/?action=snapshot -O /tmp/timelapse/frame000182.jpg) successfully finished
2024-05-03 01:03:12,923 [shell_command.py:_check_proc_success()] - Command (wget http://localhost/webcam/?action=snapshot -O /tmp/timelapse/frame000183.jpg) successfully finished
2024-05-03 01:03:21,742 [shell_command.py:_check_proc_success()] - Command (wget http://localhost/webcam/?action=snapshot -O /tmp/timelapse/frame000184.jpg) successfully finished
2024-05-03 01:03:30,833 [shell_command.py:_check_proc_success()] - Command (wget http://localhost/webcam/?action=snapshot -O /tmp/timelapse/frame000185.jpg) successfully finished
2024-05-03 01:03:39,375 [shell_command.py:_check_proc_success()] - Command (wget http://localhost/webcam/?action=snapshot -O /tmp/timelapse/frame000186.jpg) successfully finished
2024-05-03 01:03:47,355 [shell_command.py:_check_proc_success()] - Command (wget http://localhost/webcam/?action=snapshot -O /tmp/timelapse/frame000187.jpg) successfully finished
2024-05-03 01:03:55,788 [shell_command.py:_check_proc_success()] - Command (wget http://localhost/webcam/?action=snapshot -O /tmp/timelapse/frame000188.jpg) successfully finished
2024-05-03 01:04:04,247 [shell_command.py:_check_proc_success()] - Command (wget http://localhost/webcam/?action=snapshot -O /tmp/timelapse/frame000189.jpg) successfully finished
2024-05-03 01:04:12,875 [shell_command.py:_check_proc_success()] - Command (wget http://localhost/webcam/?action=snapshot -O /tmp/timelapse/frame000190.jpg) successfully finished
2024-05-03 01:04:21,471 [shell_command.py:_check_proc_success()] - Command (wget http://localhost/webcam/?action=snapshot -O /tmp/timelapse/frame000191.jpg) successfully finished
2024-05-03 01:04:29,414 [shell_command.py:_check_proc_success()] - Command (wget http://localhost/webcam/?action=snapshot -O /tmp/timelapse/frame000192.jpg) successfully finished
2024-05-03 01:04:37,366 [shell_command.py:_check_proc_success()] - Command (wget http://localhost/webcam/?action=snapshot -O /tmp/timelapse/frame000193.jpg) successfully finished
2024-05-03 01:04:45,337 [shell_command.py:_check_proc_success()] - Command (wget http://localhost/webcam/?action=snapshot -O /tmp/timelapse/frame000194.jpg) successfully finished
2024-05-03 01:04:53,292 [shell_command.py:_check_proc_success()] - Command (wget http://localhost/webcam/?action=snapshot -O /tmp/timelapse/frame000195.jpg) successfully finished
2024-05-03 01:05:02,517 [shell_command.py:_check_proc_success()] - Command (wget http://localhost/webcam/?action=snapshot -O /tmp/timelapse/frame000196.jpg) successfully finished
2024-05-03 01:05:11,629 [shell_command.py:_check_proc_success()] - Command (wget http://localhost/webcam/?action=snapshot -O /tmp/timelapse/frame000197.jpg) successfully finished
2024-05-03 01:05:20,145 [shell_command.py:_check_proc_success()] - Command (wget http://localhost/webcam/?action=snapshot -O /tmp/timelapse/frame000198.jpg) successfully finished
2024-05-03 01:05:28,651 [shell_command.py:_check_proc_success()] - Command (wget http://localhost/webcam/?action=snapshot -O /tmp/timelapse/frame000199.jpg) successfully finished
2024-05-03 01:05:37,049 [shell_command.py:_check_proc_success()] - Command (wget http://localhost/webcam/?action=snapshot -O /tmp/timelapse/frame000200.jpg) successfully finished
2024-05-03 01:05:45,491 [shell_command.py:_check_proc_success()] - Command (wget http://localhost/webcam/?action=snapshot -O /tmp/timelapse/frame000201.jpg) successfully finished
2024-05-03 01:05:54,098 [shell_command.py:_check_proc_success()] - Command (wget http://localhost/webcam/?action=snapshot -O /tmp/timelapse/frame000202.jpg) successfully finished
2024-05-03 01:06:02,202 [shell_command.py:_check_proc_success()] - Command (wget http://localhost/webcam/?action=snapshot -O /tmp/timelapse/frame000203.jpg) successfully finished
2024-05-03 01:06:10,663 [shell_command.py:_check_proc_success()] - Command (wget http://localhost/webcam/?action=snapshot -O /tmp/timelapse/frame000204.jpg) successfully finished
2024-05-03 01:06:18,643 [shell_command.py:_check_proc_success()] - Command (wget http://localhost/webcam/?action=snapshot -O /tmp/timelapse/frame000205.jpg) successfully finished
2024-05-03 01:06:26,585 [shell_command.py:_check_proc_success()] - Command (wget http://localhost/webcam/?action=snapshot -O /tmp/timelapse/frame000206.jpg) successfully finished
2024-05-03 01:06:34,577 [shell_command.py:_check_proc_success()] - Command (wget http://localhost/webcam/?action=snapshot -O /tmp/timelapse/frame000207.jpg) successfully finished
2024-05-03 01:06:43,828 [shell_command.py:_check_proc_success()] - Command (wget http://localhost/webcam/?action=snapshot -O /tmp/timelapse/frame000208.jpg) successfully finished
2024-05-03 01:06:52,924 [shell_command.py:_check_proc_success()] - Command (wget http://localhost/webcam/?action=snapshot -O /tmp/timelapse/frame000209.jpg) successfully finished
2024-05-03 01:07:01,431 [shell_command.py:_check_proc_success()] - Command (wget http://localhost/webcam/?action=snapshot -O /tmp/timelapse/frame000210.jpg) successfully finished
2024-05-03 01:07:09,933 [shell_command.py:_check_proc_success()] - Command (wget http://localhost/webcam/?action=snapshot -O /tmp/timelapse/frame000211.jpg) successfully finished
2024-05-03 01:07:18,331 [shell_command.py:_check_proc_success()] - Command (wget http://localhost/webcam/?action=snapshot -O /tmp/timelapse/frame000212.jpg) successfully finished
2024-05-03 01:07:26,784 [shell_command.py:_check_proc_success()] - Command (wget http://localhost/webcam/?action=snapshot -O /tmp/timelapse/frame000213.jpg) successfully finished
2024-05-03 01:07:35,362 [shell_command.py:_check_proc_success()] - Command (wget http://localhost/webcam/?action=snapshot -O /tmp/timelapse/frame000214.jpg) successfully finished
2024-05-03 01:07:43,432 [shell_command.py:_check_proc_success()] - Command (wget http://localhost/webcam/?action=snapshot -O /tmp/timelapse/frame000215.jpg) successfully finished
2024-05-03 01:07:51,892 [shell_command.py:_check_proc_success()] - Command (wget http://localhost/webcam/?action=snapshot -O /tmp/timelapse/frame000216.jpg) successfully finished
2024-05-03 01:07:59,818 [shell_command.py:_check_proc_success()] - Command (wget http://localhost/webcam/?action=snapshot -O /tmp/timelapse/frame000217.jpg) successfully finished
2024-05-03 01:08:07,762 [shell_command.py:_check_proc_success()] - Command (wget http://localhost/webcam/?action=snapshot -O /tmp/timelapse/frame000218.jpg) successfully finished
2024-05-03 01:08:15,721 [shell_command.py:_check_proc_success()] - Command (wget http://localhost/webcam/?action=snapshot -O /tmp/timelapse/frame000219.jpg) successfully finished
2024-05-03 01:08:24,949 [shell_command.py:_check_proc_success()] - Command (wget http://localhost/webcam/?action=snapshot -O /tmp/timelapse/frame000220.jpg) successfully finished
2024-05-03 01:08:34,034 [shell_command.py:_check_proc_success()] - Command (wget http://localhost/webcam/?action=snapshot -O /tmp/timelapse/frame000221.jpg) successfully finished
2024-05-03 01:08:42,609 [shell_command.py:_check_proc_success()] - Command (wget http://localhost/webcam/?action=snapshot -O /tmp/timelapse/frame000222.jpg) successfully finished
2024-05-03 01:08:51,123 [shell_command.py:_check_proc_success()] - Command (wget http://localhost/webcam/?action=snapshot -O /tmp/timelapse/frame000223.jpg) successfully finished
2024-05-03 01:08:59,537 [shell_command.py:_check_proc_success()] - Command (wget http://localhost/webcam/?action=snapshot -O /tmp/timelapse/frame000224.jpg) successfully finished
2024-05-03 01:09:07,943 [shell_command.py:_check_proc_success()] - Command (wget http://localhost/webcam/?action=snapshot -O /tmp/timelapse/frame000225.jpg) successfully finished
2024-05-03 01:09:16,133 [shell_command.py:_check_proc_success()] - Command (wget http://localhost/webcam/?action=snapshot -O /tmp/timelapse/frame000226.jpg) successfully finished
2024-05-03 01:09:23,804 [shell_command.py:_check_proc_success()] - Command (wget http://localhost/webcam/?action=snapshot -O /tmp/timelapse/frame000227.jpg) successfully finished
2024-05-03 01:09:32,274 [shell_command.py:_check_proc_success()] - Command (wget http://localhost/webcam/?action=snapshot -O /tmp/timelapse/frame000228.jpg) successfully finished
2024-05-03 01:09:40,213 [shell_command.py:_check_proc_success()] - Command (wget http://localhost/webcam/?action=snapshot -O /tmp/timelapse/frame000229.jpg) successfully finished
2024-05-03 01:09:48,132 [shell_command.py:_check_proc_success()] - Command (wget http://localhost/webcam/?action=snapshot -O /tmp/timelapse/frame000230.jpg) successfully finished
2024-05-03 01:09:55,669 [shell_command.py:_check_proc_success()] - Command (wget http://localhost/webcam/?action=snapshot -O /tmp/timelapse/frame000231.jpg) successfully finished
2024-05-03 01:10:04,448 [shell_command.py:_check_proc_success()] - Command (wget http://localhost/webcam/?action=snapshot -O /tmp/timelapse/frame000232.jpg) successfully finished
2024-05-03 01:10:13,623 [shell_command.py:_check_proc_success()] - Command (wget http://localhost/webcam/?action=snapshot -O /tmp/timelapse/frame000233.jpg) successfully finished
2024-05-03 01:10:22,656 [shell_command.py:_check_proc_success()] - Command (wget http://localhost/webcam/?action=snapshot -O /tmp/timelapse/frame000234.jpg) successfully finished
2024-05-03 01:10:31,141 [shell_command.py:_check_proc_success()] - Command (wget http://localhost/webcam/?action=snapshot -O /tmp/timelapse/frame000235.jpg) successfully finished
2024-05-03 01:10:39,577 [shell_command.py:_check_proc_success()] - Command (wget http://localhost/webcam/?action=snapshot -O /tmp/timelapse/frame000236.jpg) successfully finished
2024-05-03 01:10:48,018 [shell_command.py:_check_proc_success()] - Command (wget http://localhost/webcam/?action=snapshot -O /tmp/timelapse/frame000237.jpg) successfully finished
2024-05-03 01:10:56,651 [shell_command.py:_check_proc_success()] - Command (wget http://localhost/webcam/?action=snapshot -O /tmp/timelapse/frame000238.jpg) successfully finished
2024-05-03 01:11:04,735 [shell_command.py:_check_proc_success()] - Command (wget http://localhost/webcam/?action=snapshot -O /tmp/timelapse/frame000239.jpg) successfully finished
2024-05-03 01:11:13,206 [shell_command.py:_check_proc_success()] - Command (wget http://localhost/webcam/?action=snapshot -O /tmp/timelapse/frame000240.jpg) successfully finished
2024-05-03 01:11:21,147 [shell_command.py:_check_proc_success()] - Command (wget http://localhost/webcam/?action=snapshot -O /tmp/timelapse/frame000241.jpg) successfully finished
2024-05-03 01:11:29,083 [shell_command.py:_check_proc_success()] - Command (wget http://localhost/webcam/?action=snapshot -O /tmp/timelapse/frame000242.jpg) successfully finished
2024-05-03 01:11:37,048 [shell_command.py:_check_proc_success()] - Command (wget http://localhost/webcam/?action=snapshot -O /tmp/timelapse/frame000243.jpg) successfully finished
2024-05-03 01:11:46,257 [shell_command.py:_check_proc_success()] - Command (wget http://localhost/webcam/?action=snapshot -O /tmp/timelapse/frame000244.jpg) successfully finished
2024-05-03 01:11:55,356 [shell_command.py:_check_proc_success()] - Command (wget http://localhost/webcam/?action=snapshot -O /tmp/timelapse/frame000245.jpg) successfully finished
2024-05-03 01:12:03,895 [shell_command.py:_check_proc_success()] - Command (wget http://localhost/webcam/?action=snapshot -O /tmp/timelapse/frame000246.jpg) successfully finished
2024-05-03 01:12:12,383 [shell_command.py:_check_proc_success()] - Command (wget http://localhost/webcam/?action=snapshot -O /tmp/timelapse/frame000247.jpg) successfully finished
2024-05-03 01:12:20,843 [shell_command.py:_check_proc_success()] - Command (wget http://localhost/webcam/?action=snapshot -O /tmp/timelapse/frame000248.jpg) successfully finished
2024-05-03 01:12:29,281 [shell_command.py:_check_proc_success()] - Command (wget http://localhost/webcam/?action=snapshot -O /tmp/timelapse/frame000249.jpg) successfully finished
2024-05-03 01:12:37,890 [shell_command.py:_check_proc_success()] - Command (wget http://localhost/webcam/?action=snapshot -O /tmp/timelapse/frame000250.jpg) successfully finished
2024-05-03 01:12:45,531 [shell_command.py:_check_proc_success()] - Command (wget http://localhost/webcam/?action=snapshot -O /tmp/timelapse/frame000251.jpg) successfully finished
2024-05-03 01:12:53,596 [shell_command.py:_check_proc_success()] - Command (wget http://localhost/webcam/?action=snapshot -O /tmp/timelapse/frame000252.jpg) successfully finished
2024-05-03 01:13:01,502 [shell_command.py:_check_proc_success()] - Command (wget http://localhost/webcam/?action=snapshot -O /tmp/timelapse/frame000253.jpg) successfully finished
2024-05-03 01:13:09,448 [shell_command.py:_check_proc_success()] - Command (wget http://localhost/webcam/?action=snapshot -O /tmp/timelapse/frame000254.jpg) successfully finished
2024-05-03 01:13:17,405 [shell_command.py:_check_proc_success()] - Command (wget http://localhost/webcam/?action=snapshot -O /tmp/timelapse/frame000255.jpg) successfully finished
2024-05-03 01:13:26,641 [shell_command.py:_check_proc_success()] - Command (wget http://localhost/webcam/?action=snapshot -O /tmp/timelapse/frame000256.jpg) successfully finished
2024-05-03 01:13:35,768 [shell_command.py:_check_proc_success()] - Command (wget http://localhost/webcam/?action=snapshot -O /tmp/timelapse/frame000257.jpg) successfully finished
2024-05-03 01:13:44,779 [shell_command.py:_check_proc_success()] - Command (wget http://localhost/webcam/?action=snapshot -O /tmp/timelapse/frame000258.jpg) successfully finished
2024-05-03 01:13:53,355 [shell_command.py:_check_proc_success()] - Command (wget http://localhost/webcam/?action=snapshot -O /tmp/timelapse/frame000259.jpg) successfully finished
2024-05-03 01:14:01,716 [shell_command.py:_check_proc_success()] - Command (wget http://localhost/webcam/?action=snapshot -O /tmp/timelapse/frame000260.jpg) successfully finished
2024-05-03 01:14:10,130 [shell_command.py:_check_proc_success()] - Command (wget http://localhost/webcam/?action=snapshot -O /tmp/timelapse/frame000261.jpg) successfully finished
2024-05-03 01:14:18,726 [shell_command.py:_check_proc_success()] - Command (wget http://localhost/webcam/?action=snapshot -O /tmp/timelapse/frame000262.jpg) successfully finished
2024-05-03 01:14:26,820 [shell_command.py:_check_proc_success()] - Command (wget http://localhost/webcam/?action=snapshot -O /tmp/timelapse/frame000263.jpg) successfully finished
2024-05-03 01:14:35,293 [shell_command.py:_check_proc_success()] - Command (wget http://localhost/webcam/?action=snapshot -O /tmp/timelapse/frame000264.jpg) successfully finished
2024-05-03 01:14:43,248 [shell_command.py:_check_proc_success()] - Command (wget http://localhost/webcam/?action=snapshot -O /tmp/timelapse/frame000265.jpg) successfully finished
2024-05-03 01:14:51,165 [shell_command.py:_check_proc_success()] - Command (wget http://localhost/webcam/?action=snapshot -O /tmp/timelapse/frame000266.jpg) successfully finished
2024-05-03 01:14:59,130 [shell_command.py:_check_proc_success()] - Command (wget http://localhost/webcam/?action=snapshot -O /tmp/timelapse/frame000267.jpg) successfully finished
2024-05-03 01:15:08,369 [shell_command.py:_check_proc_success()] - Command (wget http://localhost/webcam/?action=snapshot -O /tmp/timelapse/frame000268.jpg) successfully finished
2024-05-03 01:15:17,450 [shell_command.py:_check_proc_success()] - Command (wget http://localhost/webcam/?action=snapshot -O /tmp/timelapse/frame000269.jpg) successfully finished
2024-05-03 01:15:26,000 [shell_command.py:_check_proc_success()] - Command (wget http://localhost/webcam/?action=snapshot -O /tmp/timelapse/frame000270.jpg) successfully finished
2024-05-03 01:15:34,519 [shell_command.py:_check_proc_success()] - Command (wget http://localhost/webcam/?action=snapshot -O /tmp/timelapse/frame000271.jpg) successfully finished
2024-05-03 01:15:42,968 [shell_command.py:_check_proc_success()] - Command (wget http://localhost/webcam/?action=snapshot -O /tmp/timelapse/frame000272.jpg) successfully finished
2024-05-03 01:15:46,670 [announcements.py:_fetch_moonlight()] - Failed to update subscription 'mainsail': Timeout while connecting
2024-05-03 01:15:51,389 [shell_command.py:_check_proc_success()] - Command (wget http://localhost/webcam/?action=snapshot -O /tmp/timelapse/frame000273.jpg) successfully finished
2024-05-03 01:15:59,998 [shell_command.py:_check_proc_success()] - Command (wget http://localhost/webcam/?action=snapshot -O /tmp/timelapse/frame000274.jpg) successfully finished
2024-05-03 01:16:08,056 [shell_command.py:_check_proc_success()] - Command (wget http://localhost/webcam/?action=snapshot -O /tmp/timelapse/frame000275.jpg) successfully finished
2024-05-03 01:16:16,094 [shell_command.py:_check_proc_success()] - Command (wget http://localhost/webcam/?action=snapshot -O /tmp/timelapse/frame000276.jpg) successfully finished
2024-05-03 01:16:24,023 [shell_command.py:_check_proc_success()] - Command (wget http://localhost/webcam/?action=snapshot -O /tmp/timelapse/frame000277.jpg) successfully finished
2024-05-03 01:16:31,956 [shell_command.py:_check_proc_success()] - Command (wget http://localhost/webcam/?action=snapshot -O /tmp/timelapse/frame000278.jpg) successfully finished
2024-05-03 01:16:39,469 [shell_command.py:_check_proc_success()] - Command (wget http://localhost/webcam/?action=snapshot -O /tmp/timelapse/frame000279.jpg) successfully finished
2024-05-03 01:16:48,691 [shell_command.py:_check_proc_success()] - Command (wget http://localhost/webcam/?action=snapshot -O /tmp/timelapse/frame000280.jpg) successfully finished
2024-05-03 01:16:57,788 [shell_command.py:_check_proc_success()] - Command (wget http://localhost/webcam/?action=snapshot -O /tmp/timelapse/frame000281.jpg) successfully finished
2024-05-03 01:17:06,834 [shell_command.py:_check_proc_success()] - Command (wget http://localhost/webcam/?action=snapshot -O /tmp/timelapse/frame000282.jpg) successfully finished
2024-05-03 01:17:15,360 [shell_command.py:_check_proc_success()] - Command (wget http://localhost/webcam/?action=snapshot -O /tmp/timelapse/frame000283.jpg) successfully finished
2024-05-03 01:17:23,839 [shell_command.py:_check_proc_success()] - Command (wget http://localhost/webcam/?action=snapshot -O /tmp/timelapse/frame000284.jpg) successfully finished
2024-05-03 01:17:32,284 [shell_command.py:_check_proc_success()] - Command (wget http://localhost/webcam/?action=snapshot -O /tmp/timelapse/frame000285.jpg) successfully finished
2024-05-03 01:17:40,904 [shell_command.py:_check_proc_success()] - Command (wget http://localhost/webcam/?action=snapshot -O /tmp/timelapse/frame000286.jpg) successfully finished
2024-05-03 01:17:48,993 [shell_command.py:_check_proc_success()] - Command (wget http://localhost/webcam/?action=snapshot -O /tmp/timelapse/frame000287.jpg) successfully finished
2024-05-03 01:17:57,493 [shell_command.py:_check_proc_success()] - Command (wget http://localhost/webcam/?action=snapshot -O /tmp/timelapse/frame000288.jpg) successfully finished
2024-05-03 01:18:05,446 [shell_command.py:_check_proc_success()] - Command (wget http://localhost/webcam/?action=snapshot -O /tmp/timelapse/frame000289.jpg) successfully finished
2024-05-03 01:18:13,356 [shell_command.py:_check_proc_success()] - Command (wget http://localhost/webcam/?action=snapshot -O /tmp/timelapse/frame000290.jpg) successfully finished
2024-05-03 01:18:21,311 [shell_command.py:_check_proc_success()] - Command (wget http://localhost/webcam/?action=snapshot -O /tmp/timelapse/frame000291.jpg) successfully finished
2024-05-03 01:18:30,531 [shell_command.py:_check_proc_success()] - Command (wget http://localhost/webcam/?action=snapshot -O /tmp/timelapse/frame000292.jpg) successfully finished
2024-05-03 01:18:39,599 [shell_command.py:_check_proc_success()] - Command (wget http://localhost/webcam/?action=snapshot -O /tmp/timelapse/frame000293.jpg) successfully finished
2024-05-03 01:18:48,118 [shell_command.py:_check_proc_success()] - Command (wget http://localhost/webcam/?action=snapshot -O /tmp/timelapse/frame000294.jpg) successfully finished
2024-05-03 01:18:56,635 [shell_command.py:_check_proc_success()] - Command (wget http://localhost/webcam/?action=snapshot -O /tmp/timelapse/frame000295.jpg) successfully finished
2024-05-03 01:19:05,106 [shell_command.py:_check_proc_success()] - Command (wget http://localhost/webcam/?action=snapshot -O /tmp/timelapse/frame000296.jpg) successfully finished
2024-05-03 01:19:13,537 [shell_command.py:_check_proc_success()] - Command (wget http://localhost/webcam/?action=snapshot -O /tmp/timelapse/frame000297.jpg) successfully finished
2024-05-03 01:19:22,125 [shell_command.py:_check_proc_success()] - Command (wget http://localhost/webcam/?action=snapshot -O /tmp/timelapse/frame000298.jpg) successfully finished
2024-05-03 01:19:30,220 [shell_command.py:_check_proc_success()] - Command (wget http://localhost/webcam/?action=snapshot -O /tmp/timelapse/frame000299.jpg) successfully finished
2024-05-03 01:19:38,306 [shell_command.py:_check_proc_success()] - Command (wget http://localhost/webcam/?action=snapshot -O /tmp/timelapse/frame000300.jpg) successfully finished
2024-05-03 01:19:46,232 [shell_command.py:_check_proc_success()] - Command (wget http://localhost/webcam/?action=snapshot -O /tmp/timelapse/frame000301.jpg) successfully finished
2024-05-03 01:19:54,165 [shell_command.py:_check_proc_success()] - Command (wget http://localhost/webcam/?action=snapshot -O /tmp/timelapse/frame000302.jpg) successfully finished
2024-05-03 01:20:02,118 [shell_command.py:_check_proc_success()] - Command (wget http://localhost/webcam/?action=snapshot -O /tmp/timelapse/frame000303.jpg) successfully finished
2024-05-03 01:20:11,324 [shell_command.py:_check_proc_success()] - Command (wget http://localhost/webcam/?action=snapshot -O /tmp/timelapse/frame000304.jpg) successfully finished
2024-05-03 01:20:20,434 [shell_command.py:_check_proc_success()] - Command (wget http://localhost/webcam/?action=snapshot -O /tmp/timelapse/frame000305.jpg) successfully finished
2024-05-03 01:20:29,476 [shell_command.py:_check_proc_success()] - Command (wget http://localhost/webcam/?action=snapshot -O /tmp/timelapse/frame000306.jpg) successfully finished
2024-05-03 01:20:38,026 [shell_command.py:_check_proc_success()] - Command (wget http://localhost/webcam/?action=snapshot -O /tmp/timelapse/frame000307.jpg) successfully finished
2024-05-03 01:20:45,987 [shell_command.py:_check_proc_success()] - Command (wget http://localhost/webcam/?action=snapshot -O /tmp/timelapse/frame000308.jpg) successfully finished
2024-05-03 01:20:54,438 [shell_command.py:_check_proc_success()] - Command (wget http://localhost/webcam/?action=snapshot -O /tmp/timelapse/frame000309.jpg) successfully finished
2024-05-03 01:21:03,033 [shell_command.py:_check_proc_success()] - Command (wget http://localhost/webcam/?action=snapshot -O /tmp/timelapse/frame000310.jpg) successfully finished
2024-05-03 01:21:11,111 [shell_command.py:_check_proc_success()] - Command (wget http://localhost/webcam/?action=snapshot -O /tmp/timelapse/frame000311.jpg) successfully finished
2024-05-03 01:21:19,598 [shell_command.py:_check_proc_success()] - Command (wget http://localhost/webcam/?action=snapshot -O /tmp/timelapse/frame000312.jpg) successfully finished
2024-05-03 01:21:27,550 [shell_command.py:_check_proc_success()] - Command (wget http://localhost/webcam/?action=snapshot -O /tmp/timelapse/frame000313.jpg) successfully finished
2024-05-03 01:21:35,478 [shell_command.py:_check_proc_success()] - Command (wget http://localhost/webcam/?action=snapshot -O /tmp/timelapse/frame000314.jpg) successfully finished
2024-05-03 01:21:43,431 [shell_command.py:_check_proc_success()] - Command (wget http://localhost/webcam/?action=snapshot -O /tmp/timelapse/frame000315.jpg) successfully finished
2024-05-03 01:21:52,561 [shell_command.py:_check_proc_success()] - Command (wget http://localhost/webcam/?action=snapshot -O /tmp/timelapse/frame000316.jpg) successfully finished
2024-05-03 01:22:01,642 [shell_command.py:_check_proc_success()] - Command (wget http://localhost/webcam/?action=snapshot -O /tmp/timelapse/frame000317.jpg) successfully finished
2024-05-03 01:22:10,196 [shell_command.py:_check_proc_success()] - Command (wget http://localhost/webcam/?action=snapshot -O /tmp/timelapse/frame000318.jpg) successfully finished
2024-05-03 01:22:18,724 [shell_command.py:_check_proc_success()] - Command (wget http://localhost/webcam/?action=snapshot -O /tmp/timelapse/frame000319.jpg) successfully finished
2024-05-03 01:22:27,140 [shell_command.py:_check_proc_success()] - Command (wget http://localhost/webcam/?action=snapshot -O /tmp/timelapse/frame000320.jpg) successfully finished
2024-05-03 01:22:35,581 [shell_command.py:_check_proc_success()] - Command (wget http://localhost/webcam/?action=snapshot -O /tmp/timelapse/frame000321.jpg) successfully finished
2024-05-03 01:22:44,229 [shell_command.py:_check_proc_success()] - Command (wget http://localhost/webcam/?action=snapshot -O /tmp/timelapse/frame000322.jpg) successfully finished
2024-05-03 01:22:52,326 [shell_command.py:_check_proc_success()] - Command (wget http://localhost/webcam/?action=snapshot -O /tmp/timelapse/frame000323.jpg) successfully finished
2024-05-03 01:23:00,431 [shell_command.py:_check_proc_success()] - Command (wget http://localhost/webcam/?action=snapshot -O /tmp/timelapse/frame000324.jpg) successfully finished
2024-05-03 01:23:08,357 [shell_command.py:_check_proc_success()] - Command (wget http://localhost/webcam/?action=snapshot -O /tmp/timelapse/frame000325.jpg) successfully finished
2024-05-03 01:23:16,296 [shell_command.py:_check_proc_success()] - Command (wget http://localhost/webcam/?action=snapshot -O /tmp/timelapse/frame000326.jpg) successfully finished
2024-05-03 01:23:24,284 [shell_command.py:_check_proc_success()] - Command (wget http://localhost/webcam/?action=snapshot -O /tmp/timelapse/frame000327.jpg) successfully finished
2024-05-03 01:23:33,477 [shell_command.py:_check_proc_success()] - Command (wget http://localhost/webcam/?action=snapshot -O /tmp/timelapse/frame000328.jpg) successfully finished
2024-05-03 01:23:42,544 [shell_command.py:_check_proc_success()] - Command (wget http://localhost/webcam/?action=snapshot -O /tmp/timelapse/frame000329.jpg) successfully finished
2024-05-03 01:23:51,571 [shell_command.py:_check_proc_success()] - Command (wget http://localhost/webcam/?action=snapshot -O /tmp/timelapse/frame000330.jpg) successfully finished
2024-05-03 01:24:00,100 [shell_command.py:_check_proc_success()] - Command (wget http://localhost/webcam/?action=snapshot -O /tmp/timelapse/frame000331.jpg) successfully finished
2024-05-03 01:24:08,064 [shell_command.py:_check_proc_success()] - Command (wget http://localhost/webcam/?action=snapshot -O /tmp/timelapse/frame000332.jpg) successfully finished
2024-05-03 01:24:19,522 [shell_command.py:_check_proc_success()] - Command (wget http://localhost/webcam/?action=snapshot -O /tmp/timelapse/frame000333.jpg) successfully finished
2024-05-03 01:24:31,022 [shell_command.py:_check_proc_success()] - Command (wget http://localhost/webcam/?action=snapshot -O /tmp/timelapse/frame000334.jpg) successfully finished
2024-05-03 01:24:37,520 [shell_command.py:_check_proc_success()] - Command (wget http://localhost/webcam/?action=snapshot -O /tmp/timelapse/frame000335.jpg) successfully finished
2024-05-03 01:24:43,661 [shell_command.py:_check_proc_success()] - Command (wget http://localhost/webcam/?action=snapshot -O /tmp/timelapse/frame000336.jpg) successfully finished
2024-05-03 01:24:49,414 [shell_command.py:_check_proc_success()] - Command (wget http://localhost/webcam/?action=snapshot -O /tmp/timelapse/frame000337.jpg) successfully finished
2024-05-03 01:24:54,391 [shell_command.py:_check_proc_success()] - Command (wget http://localhost/webcam/?action=snapshot -O /tmp/timelapse/frame000338.jpg) successfully finished
2024-05-03 01:24:59,897 [shell_command.py:_check_proc_success()] - Command (wget http://localhost/webcam/?action=snapshot -O /tmp/timelapse/frame000339.jpg) successfully finished
2024-05-03 01:25:05,852 [shell_command.py:_check_proc_success()] - Command (wget http://localhost/webcam/?action=snapshot -O /tmp/timelapse/frame000340.jpg) successfully finished
2024-05-03 01:25:11,786 [shell_command.py:_check_proc_success()] - Command (wget http://localhost/webcam/?action=snapshot -O /tmp/timelapse/frame000341.jpg) successfully finished
2024-05-03 01:25:17,669 [shell_command.py:_check_proc_success()] - Command (wget http://localhost/webcam/?action=snapshot -O /tmp/timelapse/frame000342.jpg) successfully finished
2024-05-03 01:25:23,105 [shell_command.py:_check_proc_success()] - Command (wget http://localhost/webcam/?action=snapshot -O /tmp/timelapse/frame000343.jpg) successfully finished
2024-05-03 01:25:28,545 [shell_command.py:_check_proc_success()] - Command (wget http://localhost/webcam/?action=snapshot -O /tmp/timelapse/frame000344.jpg) successfully finished
2024-05-03 01:25:33,988 [shell_command.py:_check_proc_success()] - Command (wget http://localhost/webcam/?action=snapshot -O /tmp/timelapse/frame000345.jpg) successfully finished
2024-05-03 01:25:39,398 [shell_command.py:_check_proc_success()] - Command (wget http://localhost/webcam/?action=snapshot -O /tmp/timelapse/frame000346.jpg) successfully finished
2024-05-03 01:25:44,805 [shell_command.py:_check_proc_success()] - Command (wget http://localhost/webcam/?action=snapshot -O /tmp/timelapse/frame000347.jpg) successfully finished
2024-05-03 01:25:49,804 [shell_command.py:_check_proc_success()] - Command (wget http://localhost/webcam/?action=snapshot -O /tmp/timelapse/frame000348.jpg) successfully finished
2024-05-03 01:25:54,770 [shell_command.py:_check_proc_success()] - Command (wget http://localhost/webcam/?action=snapshot -O /tmp/timelapse/frame000349.jpg) successfully finished
2024-05-03 01:25:59,760 [shell_command.py:_check_proc_success()] - Command (wget http://localhost/webcam/?action=snapshot -O /tmp/timelapse/frame000350.jpg) successfully finished
2024-05-03 01:26:04,800 [shell_command.py:_check_proc_success()] - Command (wget http://localhost/webcam/?action=snapshot -O /tmp/timelapse/frame000351.jpg) successfully finished
2024-05-03 01:26:10,204 [shell_command.py:_check_proc_success()] - Command (wget http://localhost/webcam/?action=snapshot -O /tmp/timelapse/frame000352.jpg) successfully finished
2024-05-03 01:26:16,140 [shell_command.py:_check_proc_success()] - Command (wget http://localhost/webcam/?action=snapshot -O /tmp/timelapse/frame000353.jpg) successfully finished
2024-05-03 01:26:22,011 [shell_command.py:_check_proc_success()] - Command (wget http://localhost/webcam/?action=snapshot -O /tmp/timelapse/frame000354.jpg) successfully finished
2024-05-03 01:26:27,884 [shell_command.py:_check_proc_success()] - Command (wget http://localhost/webcam/?action=snapshot -O /tmp/timelapse/frame000355.jpg) successfully finished
2024-05-03 01:26:33,312 [shell_command.py:_check_proc_success()] - Command (wget http://localhost/webcam/?action=snapshot -O /tmp/timelapse/frame000356.jpg) successfully finished
2024-05-03 01:26:38,772 [shell_command.py:_check_proc_success()] - Command (wget http://localhost/webcam/?action=snapshot -O /tmp/timelapse/frame000357.jpg) successfully finished
2024-05-03 01:26:44,213 [shell_command.py:_check_proc_success()] - Command (wget http://localhost/webcam/?action=snapshot -O /tmp/timelapse/frame000358.jpg) successfully finished
2024-05-03 01:26:49,625 [shell_command.py:_check_proc_success()] - Command (wget http://localhost/webcam/?action=snapshot -O /tmp/timelapse/frame000359.jpg) successfully finished
2024-05-03 01:26:54,655 [shell_command.py:_check_proc_success()] - Command (wget http://localhost/webcam/?action=snapshot -O /tmp/timelapse/frame000360.jpg) successfully finished
2024-05-03 01:26:59,630 [shell_command.py:_check_proc_success()] - Command (wget http://localhost/webcam/?action=snapshot -O /tmp/timelapse/frame000361.jpg) successfully finished
2024-05-03 01:27:04,621 [shell_command.py:_check_proc_success()] - Command (wget http://localhost/webcam/?action=snapshot -O /tmp/timelapse/frame000362.jpg) successfully finished
2024-05-03 01:27:10,123 [shell_command.py:_check_proc_success()] - Command (wget http://localhost/webcam/?action=snapshot -O /tmp/timelapse/frame000363.jpg) successfully finished
2024-05-03 01:27:16,074 [shell_command.py:_check_proc_success()] - Command (wget http://localhost/webcam/?action=snapshot -O /tmp/timelapse/frame000364.jpg) successfully finished
2024-05-03 01:27:22,011 [shell_command.py:_check_proc_success()] - Command (wget http://localhost/webcam/?action=snapshot -O /tmp/timelapse/frame000365.jpg) successfully finished
2024-05-03 01:27:27,893 [shell_command.py:_check_proc_success()] - Command (wget http://localhost/webcam/?action=snapshot -O /tmp/timelapse/frame000366.jpg) successfully finished
2024-05-03 01:27:33,330 [shell_command.py:_check_proc_success()] - Command (wget http://localhost/webcam/?action=snapshot -O /tmp/timelapse/frame000367.jpg) successfully finished
2024-05-03 01:27:38,768 [shell_command.py:_check_proc_success()] - Command (wget http://localhost/webcam/?action=snapshot -O /tmp/timelapse/frame000368.jpg) successfully finished
2024-05-03 01:27:44,197 [shell_command.py:_check_proc_success()] - Command (wget http://localhost/webcam/?action=snapshot -O /tmp/timelapse/frame000369.jpg) successfully finished
2024-05-03 01:27:49,625 [shell_command.py:_check_proc_success()] - Command (wget http://localhost/webcam/?action=snapshot -O /tmp/timelapse/frame000370.jpg) successfully finished
2024-05-03 01:27:55,040 [shell_command.py:_check_proc_success()] - Command (wget http://localhost/webcam/?action=snapshot -O /tmp/timelapse/frame000371.jpg) successfully finished
2024-05-03 01:28:00,498 [shell_command.py:_check_proc_success()] - Command (wget http://localhost/webcam/?action=snapshot -O /tmp/timelapse/frame000372.jpg) successfully finished
2024-05-03 01:28:05,479 [shell_command.py:_check_proc_success()] - Command (wget http://localhost/webcam/?action=snapshot -O /tmp/timelapse/frame000373.jpg) successfully finished
2024-05-03 01:28:10,474 [shell_command.py:_check_proc_success()] - Command (wget http://localhost/webcam/?action=snapshot -O /tmp/timelapse/frame000374.jpg) successfully finished
2024-05-03 01:28:15,475 [shell_command.py:_check_proc_success()] - Command (wget http://localhost/webcam/?action=snapshot -O /tmp/timelapse/frame000375.jpg) successfully finished
2024-05-03 01:28:20,909 [shell_command.py:_check_proc_success()] - Command (wget http://localhost/webcam/?action=snapshot -O /tmp/timelapse/frame000376.jpg) successfully finished
2024-05-03 01:28:26,852 [shell_command.py:_check_proc_success()] - Command (wget http://localhost/webcam/?action=snapshot -O /tmp/timelapse/frame000377.jpg) successfully finished
2024-05-03 01:28:32,731 [shell_command.py:_check_proc_success()] - Command (wget http://localhost/webcam/?action=snapshot -O /tmp/timelapse/frame000378.jpg) successfully finished
2024-05-03 01:28:38,589 [shell_command.py:_check_proc_success()] - Command (wget http://localhost/webcam/?action=snapshot -O /tmp/timelapse/frame000379.jpg) successfully finished
2024-05-03 01:28:44,015 [shell_command.py:_check_proc_success()] - Command (wget http://localhost/webcam/?action=snapshot -O /tmp/timelapse/frame000380.jpg) successfully finished
2024-05-03 01:28:49,422 [shell_command.py:_check_proc_success()] - Command (wget http://localhost/webcam/?action=snapshot -O /tmp/timelapse/frame000381.jpg) successfully finished
2024-05-03 01:28:54,885 [shell_command.py:_check_proc_success()] - Command (wget http://localhost/webcam/?action=snapshot -O /tmp/timelapse/frame000382.jpg) successfully finished
2024-05-03 01:29:00,294 [shell_command.py:_check_proc_success()] - Command (wget http://localhost/webcam/?action=snapshot -O /tmp/timelapse/frame000383.jpg) successfully finished
2024-05-03 01:29:05,320 [shell_command.py:_check_proc_success()] - Command (wget http://localhost/webcam/?action=snapshot -O /tmp/timelapse/frame000384.jpg) successfully finished
2024-05-03 01:29:10,299 [shell_command.py:_check_proc_success()] - Command (wget http://localhost/webcam/?action=snapshot -O /tmp/timelapse/frame000385.jpg) successfully finished
2024-05-03 01:29:15,299 [shell_command.py:_check_proc_success()] - Command (wget http://localhost/webcam/?action=snapshot -O /tmp/timelapse/frame000386.jpg) successfully finished
2024-05-03 01:29:20,786 [shell_command.py:_check_proc_success()] - Command (wget http://localhost/webcam/?action=snapshot -O /tmp/timelapse/frame000387.jpg) successfully finished
2024-05-03 01:29:26,740 [shell_command.py:_check_proc_success()] - Command (wget http://localhost/webcam/?action=snapshot -O /tmp/timelapse/frame000388.jpg) successfully finished
2024-05-03 01:29:32,679 [shell_command.py:_check_proc_success()] - Command (wget http://localhost/webcam/?action=snapshot -O /tmp/timelapse/frame000389.jpg) successfully finished
2024-05-03 01:29:38,587 [shell_command.py:_check_proc_success()] - Command (wget http://localhost/webcam/?action=snapshot -O /tmp/timelapse/frame000390.jpg) successfully finished
2024-05-03 01:29:44,029 [shell_command.py:_check_proc_success()] - Command (wget http://localhost/webcam/?action=snapshot -O /tmp/timelapse/frame000391.jpg) successfully finished
2024-05-03 01:29:48,729 [shell_command.py:_check_proc_success()] - Command (wget http://localhost/webcam/?action=snapshot -O /tmp/timelapse/frame000392.jpg) successfully finished
2024-05-03 01:29:53,265 [shell_command.py:_check_proc_success()] - Command (wget http://localhost/webcam/?action=snapshot -O /tmp/timelapse/frame000393.jpg) successfully finished
2024-05-03 01:29:57,879 [shell_command.py:_check_proc_success()] - Command (wget http://localhost/webcam/?action=snapshot -O /tmp/timelapse/frame000394.jpg) successfully finished
2024-05-03 01:30:02,387 [shell_command.py:_check_proc_success()] - Command (wget http://localhost/webcam/?action=snapshot -O /tmp/timelapse/frame000395.jpg) successfully finished
2024-05-03 01:30:06,828 [shell_command.py:_check_proc_success()] - Command (wget http://localhost/webcam/?action=snapshot -O /tmp/timelapse/frame000396.jpg) successfully finished
2024-05-03 01:30:11,329 [shell_command.py:_check_proc_success()] - Command (wget http://localhost/webcam/?action=snapshot -O /tmp/timelapse/frame000397.jpg) successfully finished
2024-05-03 01:30:15,558 [shell_command.py:_check_proc_success()] - Command (wget http://localhost/webcam/?action=snapshot -O /tmp/timelapse/frame000398.jpg) successfully finished
2024-05-03 01:30:19,473 [shell_command.py:_check_proc_success()] - Command (wget http://localhost/webcam/?action=snapshot -O /tmp/timelapse/frame000399.jpg) successfully finished
2024-05-03 01:30:23,067 [shell_command.py:_check_proc_success()] - Command (wget http://localhost/webcam/?action=snapshot -O /tmp/timelapse/frame000400.jpg) successfully finished
2024-05-03 01:35:07,914 [timelapse.py:render()] - start FFMPEG: /usr/bin/ffmpeg -r 30 -i '/tmp/timelapse/frame%6d.jpg' -threads 2 -g 5 -crf 23 -vcodec libx264 -pix_fmt yuv420p -an  '/tmp/timelapse/timelapse_Stackable_plant_support_80%.gcode_20240503_0135.mp4' -y
-------------------- Log Start | Fri May  3 07:17:17 2024 --------------------
platform: Linux-5.16.17-sun50iw9-aarch64-with-glibc2.31
data_path: /home/biqu/printer_data
is_default_data_path: False
config_file: /home/biqu/printer_data/config/moonraker.conf
startup_warnings: []
verbose: False
debug: False
asyncio_debug: False
is_backup_config: False
is_python_package: False
instance_uuid: 21cb7523e0cc4b8dbb17e10e766e35f4
unix_socket_path: /home/biqu/printer_data/comms/moonraker.sock
software_version: v0.8.0-325-g99b97af
git_branch: master
git_remote: origin
git_repo_url: https://github.com/Arksine/moonraker.git
modified_files: []
unofficial_components: []
log_file: /home/biqu/printer_data/logs/moonraker.log
python_version: 3.9.2 (default, Feb 28 2021, 17:03:44)  [GCC 10.2.1 20210110]
launch_args: /home/biqu/moonraker-env/bin/python /home/biqu/moonraker/moonraker/moonraker.py -d /home/biqu/printer_data
msgspec_enabled: False
uvloop_enabled: False
2024-05-03 01:17:18,015 [confighelper.py:read_file()] - Configuration File '/home/biqu/printer_data/config/moonraker.conf' parsed, total size: 2795 B
2024-05-03 01:17:18,017 [server.py:add_log_rollover_item()] - 
#################### Moonraker Configuration ####################

[server]
host = 0.0.0.0
port = 7125
klippy_uds_address = /home/biqu/printer_data/comms/klippy.sock

[file_manager]
enable_object_processing = True

[authorization]
trusted_clients = 
	10.0.0.0/8
	127.0.0.0/8
	169.254.0.0/16
	172.16.0.0/12
	192.168.0.0/16
	FE80::/10
	::1/128
cors_domains = 
	*.lan
	*.local
	*://localhost
	*://localhost:*
	*://my.mainsail.xyz
	*://app.fluidd.xyz

[octoprint_compat]

[history]

[timelapse]

[announcements]
subscriptions = 
	mainsail

[update_manager]
channel = dev
refresh_interval = 168

[update_manager mainsail-config]
type = git_repo
primary_branch = master
path = ~/mainsail-config
origin = https://github.com/mainsail-crew/mainsail-config.git
managed_services = klipper

[update_manager mainsail]
type = web
channel = stable
repo = mainsail-crew/mainsail
path = ~/mainsail

[update_manager crowsnest]
type = git_repo
path = ~/crowsnest
origin = https://github.com/mainsail-crew/crowsnest.git
managed_services = crowsnest
install_script = tools/pkglist.sh

[update_manager sonar]
type = git_repo
path = ~/sonar
origin = https://github.com/mainsail-crew/sonar.git
primary_branch = main
managed_services = sonar
install_script = tools/install.sh

[update_manager timelapse]
type = git_repo
primary_branch = main
path = ~/moonraker-timelapse
origin = https://github.com/mainsail-crew/moonraker-timelapse.git
managed_services = klipper moonraker

[update_manager print_area_bed_mesh]
type = git_repo
path = ~/print_area_bed_mesh
origin = https://github.com/Turge08/print_area_bed_mesh.git
is_system_service = False

[update_manager KlipperScreen]
type = git_repo
path = ~/KlipperScreen
origin = https://github.com/jordanruthe/KlipperScreen.git
virtualenv = ~/.KlipperScreen-env
requirements = scripts/KlipperScreen-requirements.txt
system_dependencies = scripts/system-dependencies.json
managed_services = KlipperScreen

[update_manager Klipper-Adaptive-Meshing-Purging]
type = git_repo
channel = dev
path = ~/Klipper-Adaptive-Meshing-Purging
origin = https://github.com/kyleisah/Klipper-Adaptive-Meshing-Purging.git
managed_services = klipper
primary_branch = main

[update_manager led_effect]
type = git_repo
path = ~/klipper-led_effect
origin = https://github.com/julianschill/klipper-led_effect.git
is_system_service = False

[update_manager client moonraker-telegram-bot]
type = git_repo
path = ~/moonraker-telegram-bot
origin = https://github.com/nlef/moonraker-telegram-bot.git
env = ~/moonraker-telegram-bot-env/bin/python
requirements = scripts/requirements.txt
install_script = scripts/install.sh

[power relay]
type = klipper_device
object_name = output_pin relay

#################################################################
All Configuration Files:
/home/biqu/printer_data/config/moonraker.conf
#################################################################
2024-05-03 01:17:18,862 [server.py:load_component()] - Component (secrets) loaded
2024-05-03 01:17:18,891 [server.py:load_component()] - Component (template) loaded
2024-05-03 01:17:18,916 [server.py:load_component()] - Component (klippy_connection) loaded
2024-05-03 01:17:22,923 [server.py:load_component()] - Component (application) loaded
2024-05-03 01:17:23,073 [server.py:load_component()] - Component (websockets) loaded
2024-05-03 01:17:24,224 [server.py:load_component()] - Component (dbus_manager) loaded
2024-05-03 01:17:24,395 [server.py:add_log_rollover_item()] - 
Database Versions: pylmdb = 1.4.1, lmdb = (0, 9, 29)
Unsafe Shutdown Count: 36
2024-05-03 01:17:24,437 [server.py:load_component()] - Component (database) loaded
2024-05-03 01:17:24,613 [file_manager.py:__init__()] - Using File System Observer: inotify
2024-05-03 01:17:24,801 [server.py:load_component()] - Component (file_manager) loaded
2024-05-03 01:17:24,965 [authorization.py:__init__()] - Authorization Configuration Loaded
Trusted Clients:
10.0.0.0/8
127.0.0.0/8
169.254.0.0/16
172.16.0.0/12
192.168.0.0/16
fe80::/10
::1/128
CORS Domains:
.*\.lan
.*\.local
.*://localhost
.*://localhost:.*
.*://my\.mainsail\.xyz
.*://app\.fluidd\.xyz
2024-05-03 01:17:24,990 [server.py:load_component()] - Component (authorization) loaded
2024-05-03 01:17:25,018 [server.py:load_component()] - Component (klippy_apis) loaded
2024-05-03 01:17:26,068 [server.py:add_log_rollover_item()] - 
System Info:

***python***
  version: (3, 9, 2, 'final', 0)
  version_string: 3.9.2 (default, Feb 28 2021, 17:03:44)  [GCC 10.2.1 20210110]

***cpu_info***
  cpu_count: 4
  bits: 64bit
  processor: aarch64
  cpu_desc: 
  serial_number: 
  hardware_desc: 
  model: 
  total_memory: 1010636
  memory_units: kB

***sd_info***

***distribution***
  name: BTT-CB1 2.3.4 Bullseye
  id: debian
  version: 11
  version_parts: {'major': '11', 'minor': '', 'build_number': ''}
  like: 
  codename: bullseye
  release_info: {}
  kernel_version: 5.16.17-sun50iw9

***virtualization***
  virt_type: none
  virt_identifier: none

***network***

***canbus***

***Allowed Services***
  klipper_mcu
  webcamd
  MoonCord
  KlipperScreen
  moonraker-telegram-bot
  moonraker-obico
  sonar
  crowsnest
  octoeverywhere
  ratos-configurator
2024-05-03 01:17:26,097 [server.py:load_component()] - Component (shell_command) loaded
2024-05-03 01:17:26,098 [machine.py:__init__()] - Using System Provider: systemd_dbus
2024-05-03 01:17:26,144 [server.py:add_log_rollover_item()] - Module libcamera unavailble, import failed
2024-05-03 01:17:26,144 [server.py:load_component()] - Component (machine) loaded
2024-05-03 01:17:26,165 [server.py:load_component()] - Component (data_store) loaded
2024-05-03 01:17:26,182 [proc_stats.py:__init__()] - Unable to find 'vcgencmd', throttle checking disabled
2024-05-03 01:17:26,186 [server.py:load_component()] - Component (proc_stats) loaded
2024-05-03 01:17:26,207 [server.py:load_component()] - Component (job_state) loaded
2024-05-03 01:17:26,235 [server.py:load_component()] - Component (job_queue) loaded
2024-05-03 01:17:26,281 [server.py:load_component()] - Component (http_client) loaded
2024-05-03 01:17:26,313 [server.py:load_component()] - Component (announcements) loaded
2024-05-03 01:17:26,338 [server.py:load_component()] - Component (webcam) loaded
2024-05-03 01:17:26,369 [server.py:load_component()] - Component (extensions) loaded
2024-05-03 01:17:26,388 [power.py:__init__()] - Power component loading devices: ['power relay']
2024-05-03 01:17:26,412 [server.py:load_component()] - Component (power) loaded
2024-05-03 01:17:26,453 [server.py:load_component()] - Component (octoprint_compat) loaded
2024-05-03 01:17:26,888 [base_deploy.py:log_info()] - Git Repo moonraker: Detected virtualenv: /home/biqu/moonraker-env
2024-05-03 01:17:26,906 [base_deploy.py:log_info()] - Git Repo klipper: Detected virtualenv: /home/biqu/klippy-env
